<?xml version="1.0" encoding="UTF-8"?>
<!-- Generated by org.testng.reporters.JUnitReportReporter -->
<testsuite hostname="Praful" failures="0" tests="1" name="com.orangeHrm.ui.baseLayer.BaseClass" time="3.543" errors="0" timestamp="2025-05-19T20:42:17 IST" skipped="0">
  <testcase classname="com.orangeHrm.ui.baseLayer.BaseClass" name="abc" time="3.543"/>
  <system-out/>
</testsuite> <!-- com.orangeHrm.ui.baseLayer.BaseClass -->
